Traceback (most recent call last):
  File "/usr/share/miniconda3/envs/gu-psyc-347-jb/lib/python3.7/site-packages/jupyter_cache/executors/utils.py", line 56, in single_nb_execution
    record_timing=False,
  File "/usr/share/miniconda3/envs/gu-psyc-347-jb/lib/python3.7/site-packages/nbclient/client.py", line 1112, in execute
    return NotebookClient(nb=nb, resources=resources, km=km, **kwargs).execute()
  File "/usr/share/miniconda3/envs/gu-psyc-347-jb/lib/python3.7/site-packages/nbclient/util.py", line 74, in wrapped
    return just_run(coro(*args, **kwargs))
  File "/usr/share/miniconda3/envs/gu-psyc-347-jb/lib/python3.7/site-packages/nbclient/util.py", line 53, in just_run
    return loop.run_until_complete(coro)
  File "/usr/share/miniconda3/envs/gu-psyc-347-jb/lib/python3.7/asyncio/base_events.py", line 587, in run_until_complete
    return future.result()
  File "/usr/share/miniconda3/envs/gu-psyc-347-jb/lib/python3.7/site-packages/nbclient/client.py", line 554, in async_execute
    cell, index, execution_count=self.code_cells_executed + 1
  File "/usr/share/miniconda3/envs/gu-psyc-347-jb/lib/python3.7/site-packages/nbclient/client.py", line 857, in async_execute_cell
    self._check_raise_for_error(cell, exec_reply)
  File "/usr/share/miniconda3/envs/gu-psyc-347-jb/lib/python3.7/site-packages/nbclient/client.py", line 760, in _check_raise_for_error
    raise CellExecutionError.from_cell_and_msg(cell, exec_reply_content)
nbclient.exceptions.CellExecutionError: An error occurred while executing the following cell:
------------------
# please load in the data into a pandas DataFrame, 
# then print the first five rows to check that everything loaded correctly
# hint: we've done this in previous exercises

# [INSERT CODE BELOW]
raise NotImplementedError("Student exercise: load OConnell_COVID_MTurk_noPII_post_peerreview.csv file as pandas dataframe, then delete this line")
------------------

[0;31m---------------------------------------------------------------------------[0m
[0;31mNotImplementedError[0m                       Traceback (most recent call last)
[0;32m<ipython-input-3-cd20a1775d3f>[0m in [0;36m<module>[0;34m[0m
[1;32m      4[0m [0;34m[0m[0m
[1;32m      5[0m [0;31m# [INSERT CODE BELOW][0m[0;34m[0m[0;34m[0m[0;34m[0m[0m
[0;32m----> 6[0;31m [0;32mraise[0m [0mNotImplementedError[0m[0;34m([0m[0;34m"Student exercise: load OConnell_COVID_MTurk_noPII_post_peerreview.csv file as pandas dataframe, then delete this line"[0m[0;34m)[0m[0;34m[0m[0;34m[0m[0m
[0m
[0;31mNotImplementedError[0m: Student exercise: load OConnell_COVID_MTurk_noPII_post_peerreview.csv file as pandas dataframe, then delete this line
NotImplementedError: Student exercise: load OConnell_COVID_MTurk_noPII_post_peerreview.csv file as pandas dataframe, then delete this line

